TN:
SF:src\agents\BaseAgent.js
FN:11,(anonymous_0)
FN:23,(anonymous_1)
FN:37,(anonymous_2)
FNF:3
FNH:2
FNDA:20,(anonymous_0)
FNDA:17,(anonymous_1)
FNDA:0,(anonymous_2)
DA:1,3
DA:2,3
DA:12,20
DA:13,1
DA:15,19
DA:24,17
DA:25,17
DA:26,16
DA:27,1
DA:29,15
DA:31,1
DA:32,1
DA:38,0
DA:42,3
LF:14
LH:13
BRDA:12,0,0,1
BRDA:12,0,1,19
BRDA:26,1,0,1
BRDA:26,1,1,15
BRDA:26,2,0,16
BRDA:26,2,1,15
BRF:6
BRH:6
end_of_record
TN:
SF:src\agents\BlackMirrorAgent.js
FN:9,(anonymous_0)
FN:14,(anonymous_1)
FNF:2
FNH:2
FNDA:6,(anonymous_0)
FNDA:6,(anonymous_1)
DA:1,1
DA:2,1
DA:10,6
DA:11,6
DA:15,6
DA:16,6
DA:17,1
DA:25,5
DA:27,5
DA:28,3
DA:36,2
DA:37,1
DA:46,1
DA:47,1
DA:57,1
LF:15
LH:15
BRDA:9,0,0,6
BRDA:9,1,0,6
BRDA:16,2,0,1
BRDA:16,2,1,5
BRDA:27,3,0,3
BRDA:27,3,1,2
BRDA:27,4,0,5
BRDA:27,4,1,3
BRDA:36,5,0,1
BRDA:36,5,1,1
BRDA:36,6,0,2
BRDA:36,6,1,1
BRDA:46,7,0,1
BRDA:46,7,1,0
BRF:14
BRH:13
end_of_record
TN:
SF:src\agents\RiskAgent.js
FN:17,(anonymous_0)
FN:24,(anonymous_1)
FN:67,(anonymous_2)
FNF:3
FNH:3
FNDA:9,(anonymous_0)
FNDA:8,(anonymous_1)
FNDA:7,(anonymous_2)
DA:1,1
DA:2,1
DA:18,9
DA:19,9
DA:20,9
DA:21,9
DA:25,8
DA:26,8
DA:33,8
DA:34,8
DA:35,1
DA:45,7
DA:46,7
DA:47,1
DA:57,6
DA:68,7
DA:69,7
DA:70,7
DA:71,7
DA:73,6
DA:74,6
DA:76,6
DA:77,6
DA:78,6
DA:80,6
DA:81,6
DA:82,6
DA:83,6
DA:85,6
DA:86,6
DA:87,6
DA:88,6
DA:89,6
DA:91,6
DA:105,1
LF:35
LH:35
BRDA:26,0,0,8
BRDA:26,0,1,0
BRDA:27,1,0,6
BRDA:27,1,1,2
BRDA:27,2,0,8
BRDA:27,2,1,8
BRDA:34,3,0,1
BRDA:34,3,1,7
BRDA:46,4,0,1
BRDA:46,4,1,6
BRDA:63,5,0,6
BRDA:63,5,1,0
BRDA:68,6,0,0
BRDA:68,6,1,7
BRDA:71,7,0,1
BRDA:71,7,1,6
BRDA:71,8,0,7
BRDA:71,8,1,7
BRDA:71,8,2,7
BRDA:74,9,0,0
BRDA:74,9,1,6
BRDA:74,10,0,6
BRDA:74,10,1,6
BRDA:77,11,0,6
BRDA:77,11,1,0
BRDA:85,12,0,4
BRDA:85,12,1,2
BRF:27
BRH:22
end_of_record
TN:
SF:src\config\config.js
FN:9,(anonymous_0)
FNF:1
FNH:0
FNDA:0,(anonymous_0)
DA:1,4
DA:3,4
DA:5,4
DA:7,4
DA:8,0
DA:9,0
DA:11,0
DA:14,4
DA:16,4
DA:92,4
LF:10
LH:7
BRDA:7,0,0,0
BRDA:7,0,1,4
BRDA:53,1,0,4
BRDA:53,1,1,4
BRDA:53,1,2,4
BRDA:78,2,0,4
BRDA:78,2,1,4
BRF:7
BRH:6
end_of_record
TN:
SF:src\config\schema.js
FN:3,(anonymous_0)
FN:6,(anonymous_1)
FN:6,(anonymous_2)
FN:56,(anonymous_3)
FNF:4
FNH:4
FNDA:8,(anonymous_0)
FNDA:8,(anonymous_1)
FNDA:24,(anonymous_2)
FNDA:4,(anonymous_3)
DA:1,4
DA:3,4
DA:4,8
DA:6,24
DA:9,4
DA:56,4
DA:61,4
LF:7
LH:7
BRDA:3,0,0,0
BRDA:56,1,0,4
BRDA:56,1,1,0
BRF:3
BRH:1
end_of_record
TN:
SF:src\domain\Vote.js
FN:14,createVote
FN:34,(anonymous_1)
FNF:2
FNH:2
FNDA:16,createVote
FNDA:2,(anonymous_1)
DA:1,3
DA:15,16
DA:16,0
DA:18,16
DA:19,0
DA:21,16
DA:22,0
DA:24,16
DA:34,3
DA:35,2
DA:37,3
LF:11
LH:8
BRDA:14,0,0,8
BRDA:14,1,0,3
BRDA:15,2,0,0
BRDA:15,2,1,16
BRDA:15,3,0,16
BRDA:15,3,1,16
BRDA:18,4,0,0
BRDA:18,4,1,16
BRDA:21,5,0,0
BRDA:21,5,1,16
BRDA:21,6,0,16
BRDA:21,6,1,16
BRDA:21,6,2,16
BRDA:21,6,3,16
BRDA:29,7,0,16
BRDA:29,7,1,0
BRDA:34,8,0,0
BRF:17
BRH:12
end_of_record
TN:
SF:src\indicators\atr.js
FN:7,atr
FNF:1
FNH:1
FNDA:12,atr
DA:8,12
DA:9,12
DA:11,12
DA:12,12
DA:13,12
DA:14,1078
DA:15,1078
DA:16,1078
DA:17,1078
DA:20,12
DA:21,232
DA:22,12
DA:24,12
DA:25,846
DA:27,12
DA:30,2
LF:16
LH:16
BRDA:7,0,0,0
BRDA:9,1,0,0
BRDA:9,1,1,12
BRF:3
BRH:1
end_of_record
TN:
SF:src\indicators\blackMirrorScore.js
FN:18,blackMirrorScore
FN:41,(anonymous_1)
FN:42,(anonymous_2)
FNF:3
FNH:3
FNDA:7,blackMirrorScore
FNDA:650,(anonymous_1)
FNDA:650,(anonymous_2)
DA:1,1
DA:2,1
DA:3,1
DA:34,7
DA:35,7
DA:36,7
DA:37,7
DA:38,7
DA:39,7
DA:41,650
DA:42,650
DA:44,6
DA:45,6
DA:46,6
DA:47,6
DA:48,6
DA:49,6
DA:51,6
DA:52,644
DA:53,644
DA:54,644
DA:55,644
DA:56,644
DA:57,644
DA:58,644
DA:59,644
DA:60,644
DA:62,644
DA:64,356
DA:67,356
DA:68,356
DA:70,356
DA:71,356
DA:74,356
DA:75,356
DA:76,356
DA:79,356
DA:80,356
DA:82,356
DA:83,356
DA:86,356
DA:87,356
DA:88,356
DA:91,6
DA:94,1
LF:45
LH:45
BRDA:20,0,0,3
BRDA:21,1,0,7
BRDA:22,2,0,7
BRDA:23,3,0,7
BRDA:24,4,0,7
BRDA:25,5,0,7
BRDA:26,6,0,7
BRDA:27,7,0,7
BRDA:28,8,0,7
BRDA:29,9,0,7
BRDA:30,10,0,5
BRDA:31,11,0,4
BRDA:39,12,0,1
BRDA:39,12,1,6
BRDA:42,13,0,650
BRDA:42,13,1,0
BRDA:62,14,0,288
BRDA:62,14,1,356
BRDA:67,15,0,356
BRDA:67,15,1,356
BRDA:68,16,0,356
BRDA:68,16,1,356
BRDA:68,16,2,356
BRDA:68,16,3,0
BRDA:70,17,0,356
BRDA:70,17,1,356
BRDA:70,17,2,0
BRDA:70,17,3,356
BRDA:70,17,4,356
BRDA:71,18,0,204
BRDA:71,18,1,152
BRDA:72,19,0,204
BRDA:72,19,1,204
BRDA:72,19,2,204
BRDA:72,19,3,115
BRDA:74,20,0,356
BRDA:74,20,1,0
BRDA:74,21,0,0
BRDA:74,21,1,356
BRDA:74,22,0,0
BRDA:74,22,1,356
BRDA:74,23,0,221
BRDA:74,23,1,135
BRDA:79,24,0,356
BRDA:79,24,1,0
BRDA:80,25,0,356
BRDA:80,25,1,356
BRDA:80,25,2,356
BRDA:80,25,3,356
BRDA:82,26,0,356
BRDA:82,26,1,356
BRDA:82,26,2,356
BRDA:82,26,3,356
BRDA:82,26,4,0
BRDA:83,27,0,204
BRDA:83,27,1,152
BRDA:84,28,0,204
BRDA:84,28,1,204
BRDA:84,28,2,204
BRDA:84,28,3,89
BRDA:86,29,0,0
BRDA:86,29,1,356
BRDA:86,30,0,0
BRDA:86,30,1,356
BRDA:86,31,0,0
BRDA:86,31,1,356
BRDA:86,32,0,208
BRDA:86,32,1,148
BRF:68
BRH:57
end_of_record
TN:
SF:src\indicators\chandelierExit.js
FN:20,chandelierExit
FN:32,(anonymous_1)
FNF:2
FNH:2
FNDA:9,chandelierExit
FNDA:860,(anonymous_1)
DA:1,1
DA:21,9
DA:22,9
DA:23,9
DA:24,9
DA:25,9
DA:26,9
DA:28,9
DA:29,1
DA:32,860
DA:34,8
DA:35,684
DA:36,684
DA:37,684
DA:38,684
DA:39,15048
DA:40,15048
DA:41,15048
DA:42,15048
DA:44,684
DA:45,684
DA:47,684
DA:48,684
DA:50,684
DA:51,684
DA:52,684
DA:54,684
DA:55,684
DA:57,684
DA:58,684
DA:60,684
DA:61,684
DA:62,684
DA:63,104
DA:64,684
DA:66,684
DA:67,684
DA:70,8
DA:73,1
LF:39
LH:39
BRDA:20,0,0,6
BRDA:20,1,0,6
BRDA:20,2,0,7
BRDA:20,3,0,9
BRDA:28,4,0,1
BRDA:28,4,1,8
BRDA:32,5,0,684
BRDA:32,5,1,176
BRDA:39,6,0,15048
BRDA:39,6,1,0
BRDA:40,7,0,15048
BRDA:40,7,1,0
BRDA:41,8,0,9211
BRDA:41,8,1,5837
BRDA:42,9,0,1551
BRDA:42,9,1,13497
BRDA:45,10,0,0
BRDA:45,10,1,684
BRDA:50,11,0,676
BRDA:50,11,1,8
BRDA:51,12,0,676
BRDA:51,12,1,8
BRDA:54,13,0,652
BRDA:54,13,1,32
BRDA:55,14,0,109
BRDA:55,14,1,575
BRDA:62,15,0,580
BRDA:62,15,1,104
BRDA:63,16,0,32
BRDA:63,16,1,72
BRDA:66,17,0,684
BRDA:66,17,1,616
BRDA:67,18,0,684
BRDA:67,18,1,68
BRF:34
BRH:31
end_of_record
TN:
SF:src\indicators\ema.js
FN:5,ema
FNF:1
FNH:1
FNDA:38,ema
DA:6,38
DA:7,38
DA:8,0
DA:10,38
DA:11,38
DA:13,37
DA:14,37
DA:15,37
DA:16,3650
DA:17,616
DA:18,616
DA:19,3034
DA:20,37
DA:21,37
DA:23,2997
DA:26,37
DA:29,2
LF:17
LH:16
BRDA:6,0,0,0
BRDA:6,0,1,38
BRDA:7,1,0,0
BRDA:7,1,1,38
BRDA:7,2,0,38
BRDA:7,2,1,38
BRDA:11,3,0,1
BRDA:11,3,1,37
BRDA:16,4,0,616
BRDA:16,4,1,3034
BRDA:19,5,0,37
BRDA:19,5,1,2997
BRF:12
BRH:10
end_of_record
TN:
SF:src\indicators\rsi.js
FN:7,rsi
FN:38,computeRsi
FNF:2
FNH:2
FNDA:10,rsi
FNDA:780,computeRsi
DA:8,10
DA:9,10
DA:10,0
DA:13,10
DA:14,10
DA:16,10
DA:17,10
DA:18,10
DA:19,140
DA:20,140
DA:21,28
DA:23,10
DA:24,10
DA:25,10
DA:27,10
DA:28,770
DA:29,770
DA:30,770
DA:31,770
DA:32,770
DA:33,770
DA:35,10
DA:39,780
DA:40,168
DA:41,168
DA:44,2
LF:26
LH:25
BRDA:7,0,0,0
BRDA:8,1,0,0
BRDA:8,1,1,10
BRDA:9,2,0,0
BRDA:9,2,1,10
BRDA:9,3,0,10
BRDA:9,3,1,10
BRDA:14,4,0,0
BRDA:14,4,1,10
BRDA:20,5,0,112
BRDA:20,5,1,28
BRDA:29,6,0,665
BRDA:29,6,1,105
BRDA:30,7,0,105
BRDA:30,7,1,665
BRDA:39,8,0,612
BRDA:39,8,1,168
BRF:17
BRH:13
end_of_record
TN:
SF:src\indicators\volumeOscillator.js
FN:9,volumeOscillator
FN:11,(anonymous_1)
FN:14,(anonymous_2)
FN:25,volumeOscillatorSma
FNF:4
FNH:4
FNDA:8,volumeOscillator
FNDA:760,(anonymous_1)
FNDA:760,(anonymous_2)
FNDA:6,volumeOscillatorSma
DA:1,2
DA:10,8
DA:11,760
DA:12,8
DA:13,8
DA:14,8
DA:15,760
DA:16,760
DA:17,760
DA:18,656
DA:26,6
DA:27,6
DA:28,6
DA:29,6
DA:30,6
DA:31,650
DA:32,650
DA:33,572
DA:34,572
DA:35,572
DA:36,512
DA:37,512
DA:39,572
DA:42,6
DA:45,2
LF:25
LH:25
BRDA:9,0,0,1
BRDA:9,1,0,1
BRDA:9,2,0,1
BRDA:10,3,0,0
BRDA:10,3,1,8
BRDA:11,4,0,760
BRDA:11,4,1,0
BRDA:11,5,0,760
BRDA:11,5,1,760
BRDA:17,6,0,104
BRDA:17,6,1,656
BRDA:17,7,0,760
BRDA:17,7,1,728
BRDA:17,7,2,656
BRDA:25,8,0,0
BRDA:25,9,0,0
BRDA:27,10,0,0
BRDA:27,10,1,6
BRDA:32,11,0,572
BRDA:32,11,1,78
BRDA:35,12,0,512
BRDA:35,12,1,60
BRDA:39,13,0,518
BRDA:39,13,1,54
BRF:24
BRH:19
end_of_record
TN:
SF:src\services\tradingOrchestrator.js
FN:21,(anonymous_0)
FN:42,(anonymous_1)
FN:47,(anonymous_2)
FN:48,(anonymous_3)
FN:56,(anonymous_4)
FN:67,(anonymous_5)
FN:123,(anonymous_6)
FN:176,(anonymous_7)
FN:181,(anonymous_8)
FN:206,(anonymous_9)
FN:215,(anonymous_10)
FNF:11
FNH:4
FNDA:3,(anonymous_0)
FNDA:3,(anonymous_1)
FNDA:0,(anonymous_2)
FNDA:0,(anonymous_3)
FNDA:0,(anonymous_4)
FNDA:3,(anonymous_5)
FNDA:2,(anonymous_6)
FNDA:0,(anonymous_7)
FNDA:0,(anonymous_8)
FNDA:0,(anonymous_9)
FNDA:0,(anonymous_10)
DA:1,1
DA:33,3
DA:34,3
DA:35,3
DA:36,3
DA:37,3
DA:38,3
DA:39,3
DA:40,3
DA:41,3
DA:42,3
DA:45,3
DA:46,3
DA:47,0
DA:48,0
DA:49,0
DA:57,0
DA:58,0
DA:59,0
DA:68,3
DA:69,3
DA:71,3
DA:72,1
DA:73,1
DA:77,1
DA:81,2
DA:84,2
DA:85,0
DA:86,0
DA:88,0
DA:93,0
DA:94,0
DA:95,0
DA:98,0
DA:102,2
DA:103,0
DA:104,0
DA:107,2
DA:108,2
DA:116,2
DA:122,2
DA:123,2
DA:125,2
DA:126,2
DA:128,2
DA:131,2
DA:145,2
DA:146,2
DA:148,2
DA:149,1
DA:152,1
DA:155,1
DA:156,1
DA:157,0
DA:158,0
DA:161,1
DA:162,1
DA:170,1
DA:171,1
DA:173,1
DA:178,0
DA:182,0
DA:183,0
DA:184,0
DA:186,0
DA:207,0
DA:208,0
DA:209,0
DA:211,0
DA:212,0
DA:214,0
DA:215,0
DA:216,0
DA:217,0
DA:219,0
DA:220,0
DA:222,0
DA:224,0
DA:225,0
DA:227,0
DA:228,0
DA:233,1
LF:82
LH:44
BRDA:42,0,0,3
BRDA:42,0,1,3
BRDA:46,1,0,0
BRDA:46,1,1,3
BRDA:46,2,0,3
BRDA:46,2,1,3
BRDA:57,3,0,0
BRDA:57,3,1,0
BRDA:71,4,0,1
BRDA:71,4,1,2
BRDA:84,5,0,0
BRDA:84,5,1,2
BRDA:84,6,0,2
BRDA:84,6,1,2
BRDA:85,7,0,0
BRDA:85,7,1,0
BRDA:90,8,0,0
BRDA:90,8,1,0
BRDA:93,9,0,0
BRDA:93,9,1,0
BRDA:93,10,0,0
BRDA:93,10,1,0
BRDA:102,11,0,0
BRDA:102,11,1,2
BRDA:102,12,0,2
BRDA:102,12,1,2
BRDA:148,13,0,1
BRDA:148,13,1,1
BRDA:148,14,0,2
BRDA:148,14,1,1
BRDA:156,15,0,0
BRDA:156,15,1,1
BRDA:161,16,0,1
BRDA:161,16,1,0
BRDA:170,17,0,1
BRDA:170,17,1,0
BRDA:191,18,0,0
BRDA:191,18,1,0
BRDA:206,19,0,0
BRDA:209,20,0,0
BRDA:209,20,1,0
BRDA:211,21,0,0
BRDA:211,21,1,0
BRDA:214,22,0,0
BRDA:214,22,1,0
BRDA:216,23,0,0
BRDA:216,23,1,0
BRF:47
BRH:20
end_of_record
TN:
SF:src\utils\logger.js
FN:15,(anonymous_0)
FN:30,(anonymous_1)
FN:72,runWithContext
FN:76,setContext
FN:81,getContext
FN:85,child
FN:87,(anonymous_6)
FN:88,(anonymous_7)
FN:89,(anonymous_8)
FN:90,(anonymous_9)
FNF:10
FNH:0
FNDA:0,(anonymous_0)
FNDA:0,(anonymous_1)
FNDA:0,runWithContext
FNDA:0,setContext
FNDA:0,getContext
FNDA:0,child
FNDA:0,(anonymous_6)
FNDA:0,(anonymous_7)
FNDA:0,(anonymous_8)
FNDA:0,(anonymous_9)
DA:1,4
DA:2,4
DA:3,4
DA:4,4
DA:6,4
DA:8,4
DA:9,4
DA:10,0
DA:13,4
DA:15,4
DA:16,0
DA:17,0
DA:18,0
DA:19,0
DA:22,0
DA:25,4
DA:31,0
DA:38,0
DA:39,0
DA:40,0
DA:44,4
DA:51,4
DA:73,0
DA:77,0
DA:78,0
DA:82,0
DA:86,0
DA:87,0
DA:88,0
DA:89,0
DA:90,0
DA:94,4
DA:95,4
DA:96,4
DA:97,4
DA:98,4
LF:36
LH:17
BRDA:9,0,0,0
BRDA:9,0,1,4
BRDA:17,1,0,0
BRDA:17,1,1,0
BRDA:19,2,0,0
BRDA:19,2,1,0
BRDA:32,3,0,0
BRDA:32,3,1,0
BRDA:33,4,0,0
BRDA:33,4,1,0
BRDA:34,5,0,0
BRDA:34,5,1,0
BRDA:38,6,0,0
BRDA:38,6,1,0
BRDA:39,7,0,0
BRDA:39,7,1,0
BRDA:40,8,0,0
BRDA:40,8,1,0
BRDA:78,9,0,0
BRDA:78,9,1,0
BRDA:82,10,0,0
BRDA:82,10,1,0
BRDA:87,11,0,0
BRDA:88,12,0,0
BRDA:89,13,0,0
BRDA:90,14,0,0
BRF:26
BRH:1
end_of_record
